# JRE version: OpenJDK Runtime Environment (8.0_152-b01) (build 1.8.0_152-release-1248-b01)
# Java VM: OpenJDK 64-Bit Server VM (25.152-b01 mixed mode windows-amd64 compressed oops)
Heap:
 PSYoungGen      total 412672K, used 27216K [0x00000000e0000000, 0x0000000100000000, 0x0000000100000000)
  eden space 380416K, 0% used [0x00000000e0000000,0x00000000e0000000,0x00000000f7380000)
  from space 32256K, 84% used [0x00000000f7380000,0x00000000f8e14060,0x00000000f9300000)
  to   space 35328K, 0% used [0x00000000fdd80000,0x00000000fdd80000,0x0000000100000000)
 ParOldGen       total 87552K, used 72463K [0x00000000a0000000, 0x00000000a5580000, 0x00000000e0000000)
  object space 87552K, 82% used [0x00000000a0000000,0x00000000a46c3d68,0x00000000a5580000)
 Metaspace       used 94693K, capacity 98265K, committed 98560K, reserved 1134592K
  class space    used 12442K, capacity 13271K, committed 13312K, reserved 1048576K
GC Heap History (10 events):
Event: 61.204 GC heap after
Heap after GC invocations=14 (full 2):
 PSYoungGen      total 293376K, used 5293K [0x00000000e0000000, 0x00000000f3280000, 0x0000000100000000)
  eden space 282112K, 0% used [0x00000000e0000000,0x00000000e0000000,0x00000000f1380000)
  from space 11264K, 46% used [0x00000000f2780000,0x00000000f2cab748,0x00000000f3280000)
  to   space 15872K, 0% used [0x00000000f1380000,0x00000000f1380000,0x00000000f2300000)
 ParOldGen       total 62976K, used 33732K [0x00000000a0000000, 0x00000000a3d80000, 0x00000000e0000000)
  object space 62976K, 53% used [0x00000000a0000000,0x00000000a20f1230,0x00000000a3d80000)
 Metaspace       used 57584K, capacity 59007K, committed 59160K, reserved 1099776K
  class space    used 7794K, capacity 8207K, committed 8320K, reserved 1048576K
}
Event: 61.204 GC heap before
{Heap before GC invocations=15 (full 3):
 PSYoungGen      total 293376K, used 5293K [0x00000000e0000000, 0x00000000f3280000, 0x0000000100000000)
  eden space 282112K, 0% used [0x00000000e0000000,0x00000000e0000000,0x00000000f1380000)
  from space 11264K, 46% used [0x00000000f2780000,0x00000000f2cab748,0x00000000f3280000)
  to   space 15872K, 0% used [0x00000000f1380000,0x00000000f1380000,0x00000000f2300000)
 ParOldGen       total 62976K, used 33732K [0x00000000a0000000, 0x00000000a3d80000, 0x00000000e0000000)
  object space 62976K, 53% used [0x00000000a0000000,0x00000000a20f1230,0x00000000a3d80000)
 Metaspace       used 57584K, capacity 59007K, committed 59160K, reserved 1099776K
  class space    used 7794K, capacity 8207K, committed 8320K, reserved 1048576K
Event: 61.765 GC heap after
Heap after GC invocations=15 (full 3):
 PSYoungGen      total 293376K, used 0K [0x00000000e0000000, 0x00000000f3280000, 0x0000000100000000)
  eden space 282112K, 0% used [0x00000000e0000000,0x00000000e0000000,0x00000000f1380000)
  from space 11264K, 0% used [0x00000000f2780000,0x00000000f2780000,0x00000000f3280000)
  to   space 15872K, 0% used [0x00000000f1380000,0x00000000f1380000,0x00000000f2300000)
 ParOldGen       total 87552K, used 32204K [0x00000000a0000000, 0x00000000a5580000, 0x00000000e0000000)
  object space 87552K, 36% used [0x00000000a0000000,0x00000000a1f730a8,0x00000000a5580000)
 Metaspace       used 57584K, capacity 59007K, committed 59160K, reserved 1099776K
  class space    used 7794K, capacity 8207K, committed 8320K, reserved 1048576K
}
Event: 76.904 GC heap before
{Heap before GC invocations=16 (full 3):
 PSYoungGen      total 293376K, used 282112K [0x00000000e0000000, 0x00000000f3280000, 0x0000000100000000)
  eden space 282112K, 100% used [0x00000000e0000000,0x00000000f1380000,0x00000000f1380000)
  from space 11264K, 0% used [0x00000000f2780000,0x00000000f2780000,0x00000000f3280000)
  to   space 15872K, 0% used [0x00000000f1380000,0x00000000f1380000,0x00000000f2300000)
 ParOldGen       total 87552K, used 32204K [0x00000000a0000000, 0x00000000a5580000, 0x00000000e0000000)
  object space 87552K, 36% used [0x00000000a0000000,0x00000000a1f730a8,0x00000000a5580000)
 Metaspace       used 65186K, capacity 67253K, committed 67328K, reserved 1107968K
  class space    used 8854K, capacity 9403K, committed 9472K, reserved 1048576K
Event: 77.022 GC heap after
Heap after GC invocations=16 (full 3):
 PSYoungGen      total 297984K, used 15868K [0x00000000e0000000, 0x00000000fa980000, 0x0000000100000000)
  eden space 282112K, 0% used [0x00000000e0000000,0x00000000e0000000,0x00000000f1380000)
  from space 15872K, 99% used [0x00000000f1380000,0x00000000f22ff020,0x00000000f2300000)
  to   space 22016K, 0% used [0x00000000f9400000,0x00000000f9400000,0x00000000fa980000)
 ParOldGen       total 87552K, used 44072K [0x00000000a0000000, 0x00000000a5580000, 0x00000000e0000000)
  object space 87552K, 50% used [0x00000000a0000000,0x00000000a2b0a3c0,0x00000000a5580000)
 Metaspace       used 65186K, capacity 67253K, committed 67328K, reserved 1107968K
  class space    used 8854K, capacity 9403K, committed 9472K, reserved 1048576K
}
Event: 402.859 GC heap before
{Heap before GC invocations=17 (full 3):
 PSYoungGen      total 297984K, used 297980K [0x00000000e0000000, 0x00000000fa980000, 0x0000000100000000)
  eden space 282112K, 100% used [0x00000000e0000000,0x00000000f1380000,0x00000000f1380000)
  from space 15872K, 99% used [0x00000000f1380000,0x00000000f22ff020,0x00000000f2300000)
  to   space 22016K, 0% used [0x00000000f9400000,0x00000000f9400000,0x00000000fa980000)
 ParOldGen       total 87552K, used 44072K [0x00000000a0000000, 0x00000000a5580000, 0x00000000e0000000)
  object space 87552K, 50% used [0x00000000a0000000,0x00000000a2b0a3c0,0x00000000a5580000)
 Metaspace       used 78861K, capacity 81689K, committed 81920K, reserved 1120256K
  class space    used 10454K, capacity 11142K, committed 11264K, reserved 1048576K
Event: 402.981 GC heap after
Heap after GC invocations=17 (full 3):
 PSYoungGen      total 402432K, used 21993K [0x00000000e0000000, 0x00000000fb280000, 0x0000000100000000)
  eden space 380416K, 0% used [0x00000000e0000000,0x00000000e0000000,0x00000000f7380000)
  from space 22016K, 99% used [0x00000000f9400000,0x00000000fa97a648,0x00000000fa980000)
  to   space 32256K, 0% used [0x00000000f7380000,0x00000000f7380000,0x00000000f9300000)
 ParOldGen       total 87552K, used 62188K [0x00000000a0000000, 0x00000000a5580000, 0x00000000e0000000)
  object space 87552K, 71% used [0x00000000a0000000,0x00000000a3cbb328,0x00000000a5580000)
 Metaspace       used 78861K, capacity 81689K, committed 81920K, reserved 1120256K
  class space    used 10454K, capacity 11142K, committed 11264K, reserved 1048576K
}
Event: 610.732 GC heap before
{Heap before GC invocations=18 (full 3):
 PSYoungGen      total 402432K, used 402409K [0x00000000e0000000, 0x00000000fb280000, 0x0000000100000000)
  eden space 380416K, 100% used [0x00000000e0000000,0x00000000f7380000,0x00000000f7380000)
  from space 22016K, 99% used [0x00000000f9400000,0x00000000fa97a648,0x00000000fa980000)
  to   space 32256K, 0% used [0x00000000f7380000,0x00000000f7380000,0x00000000f9300000)
 ParOldGen       total 87552K, used 62188K [0x00000000a0000000, 0x00000000a5580000, 0x00000000e0000000)
  object space 87552K, 71% used [0x00000000a0000000,0x00000000a3cbb328,0x00000000a5580000)
 Metaspace       used 94693K, capacity 98265K, committed 98560K, reserved 1134592K
  class space    used 12442K, capacity 13271K, committed 13312K, reserved 1048576K
Event: 610.799 GC heap after
Heap after GC invocations=18 (full 3):
 PSYoungGen      total 412672K, used 27216K [0x00000000e0000000, 0x0000000100000000, 0x0000000100000000)
  eden space 380416K, 0% used [0x00000000e0000000,0x00000000e0000000,0x00000000f7380000)
  from space 32256K, 84% used [0x00000000f7380000,0x00000000f8e14060,0x00000000f9300000)
  to   space 35328K, 0% used [0x00000000fdd80000,0x00000000fdd80000,0x0000000100000000)
 ParOldGen       total 87552K, used 72463K [0x00000000a0000000, 0x00000000a5580000, 0x00000000e0000000)
  object space 87552K, 82% used [0x00000000a0000000,0x00000000a46c3d68,0x00000000a5580000)
 Metaspace       used 94693K, capacity 98265K, committed 98560K, reserved 1134592K
  class space    used 12442K, capacity 13271K, committed 13312K, reserved 1048576K
}
Event: 610.799 GC heap before
{Heap before GC invocations=19 (full 4):
 PSYoungGen      total 412672K, used 27216K [0x00000000e0000000, 0x0000000100000000, 0x0000000100000000)
  eden space 380416K, 0% used [0x00000000e0000000,0x00000000e0000000,0x00000000f7380000)
  from space 32256K, 84% used [0x00000000f7380000,0x00000000f8e14060,0x00000000f9300000)
  to   space 35328K, 0% used [0x00000000fdd80000,0x00000000fdd80000,0x0000000100000000)
 ParOldGen       total 87552K, used 72463K [0x00000000a0000000, 0x00000000a5580000, 0x00000000e0000000)
  object space 87552K, 82% used [0x00000000a0000000,0x00000000a46c3d68,0x00000000a5580000)
 Metaspace       used 94693K, capacity 98265K, committed 98560K, reserved 1134592K
  class space    used 12442K, capacity 13271K, committed 13312K, reserved 1048576K

